0 verbose cli [
0 verbose cli   '/usr/bin/node',
0 verbose cli   '/usr/bin/npm',
0 verbose cli   'run',
0 verbose cli   'execute:master-protocol',
0 verbose cli   '--',
0 verbose cli   '--protocol=v3.0',
0 verbose cli   '--key-authority=ancestral-aht',
0 verbose cli   '--action=send-resend-order'
0 verbose cli ]
1 info using npm@7.17.0
2 info using node@v14.21.3
3 timing npm:load:whichnode Completed in 53ms
4 timing config:load:defaults Completed in 69ms
5 timing config:load:file:/usr/lib/node_modules/npm/npmrc Completed in 54ms
6 timing config:load:builtin Completed in 58ms
7 timing config:load:cli Completed in 92ms
8 timing config:load:env Completed in 9ms
9 timing config:load:file:/root/royal-bootstrap/.npmrc Completed in 5ms
10 timing config:load:project Completed in 21ms
11 timing config:load:file:/root/.npmrc Completed in 3ms
12 timing config:load:user Completed in 5ms
13 timing config:load:file:/etc/npmrc Completed in 2ms
14 timing config:load:global Completed in 3ms
15 timing config:load:validate Completed in 5ms
16 timing config:load:credentials Completed in 45ms
17 timing config:load:setEnvs Completed in 40ms
18 timing config:load Completed in 351ms
19 timing npm:load:configload Completed in 357ms
20 timing npm:load:setTitle Completed in 3ms
21 timing npm:load:setupLog Completed in 57ms
22 timing npm:load:cleanupLog Completed in 85ms
23 timing npm:load:configScope Completed in 0ms
24 timing npm:load:projectScope Completed in 11ms
25 timing npm:load Completed in 586ms
26 timing config:load:flatten Completed in 99ms
27 timing command:run-script Completed in 375ms
28 verbose stack Error: Missing script: "execute:master-protocol"
28 verbose stack
28 verbose stack To see a list of scripts, run:
28 verbose stack   npm run
28 verbose stack     at RunScript.run (/usr/lib/node_modules/npm/lib/run-script.js:105:13)
29 verbose cwd /root/royal-bootstrap
30 verbose Linux 4.20.69-ish
31 verbose argv "/usr/bin/node" "/usr/bin/npm" "run" "execute:master-protocol" "--" "--protocol=v3.0" "--key-authority=ancestral-aht" "--action=send-resend-order"
32 verbose node v14.21.3
33 verbose npm  v7.17.0
34 error Missing script: "execute:master-protocol"
34 error
34 error To see a list of scripts, run:
34 error   npm run
35 verbose exit 1
