0 verbose cli [
0 verbose cli   '/usr/bin/node',
0 verbose cli   '/usr/bin/npm',
0 verbose cli   'run',
0 verbose cli   'execute:master-protocol',
0 verbose cli   '--',
0 verbose cli   '--protocol=v3.0',
0 verbose cli   '--key-authority=ancestral-aht',
0 verbose cli   '--action=send-resend-order'
0 verbose cli ]
1 info using npm@7.17.0
2 info using node@v14.21.3
3 timing npm:load:whichnode Completed in 70ms
4 timing config:load:defaults Completed in 70ms
5 timing config:load:file:/usr/lib/node_modules/npm/npmrc Completed in 61ms
6 timing config:load:builtin Completed in 65ms
7 timing config:load:cli Completed in 92ms
8 timing config:load:env Completed in 8ms
9 timing config:load:project Completed in 16ms
10 timing config:load:file:/root/.npmrc Completed in 4ms
11 timing config:load:user Completed in 6ms
12 timing config:load:file:/etc/npmrc Completed in 2ms
13 timing config:load:global Completed in 4ms
14 timing config:load:validate Completed in 5ms
15 timing config:load:credentials Completed in 49ms
16 timing config:load:setEnvs Completed in 41ms
17 timing config:load Completed in 364ms
18 timing npm:load:configload Completed in 369ms
19 timing npm:load:setTitle Completed in 4ms
20 timing npm:load:setupLog Completed in 58ms
21 timing npm:load:cleanupLog Completed in 92ms
22 timing npm:load:configScope Completed in 0ms
23 timing npm:load:projectScope Completed in 6ms
24 timing npm:load Completed in 621ms
25 timing config:load:flatten Completed in 102ms
26 timing command:run-script Completed in 235ms
27 verbose stack Error: ENOENT: no such file or directory, open '/root/package.json'
28 verbose cwd /root
29 verbose Linux 4.20.69-ish
30 verbose argv "/usr/bin/node" "/usr/bin/npm" "run" "execute:master-protocol" "--" "--protocol=v3.0" "--key-authority=ancestral-aht" "--action=send-resend-order"
31 verbose node v14.21.3
32 verbose npm  v7.17.0
33 error code ENOENT
34 error syscall open
35 error path /root/package.json
36 error errno -2
37 error enoent ENOENT: no such file or directory, open '/root/package.json'
38 error enoent This is related to npm not being able to find a file.
39 verbose exit -2
